android/app/build/outputs/logs/manifest-merger-release-report.txt
-- Merging decision tree log ---
application
INJECTED from src\main\AndroidManifest.xml:5:4-51:19
MERGED from [:url_launcher_android] AndroidManifest.xml:9:5-14:19
MERGED from [:url_launcher_android] AndroidManifest.xml:9:5-14:19
MERGED from [androidx.window:window:1.0.0-beta04] AndroidManifest.xml:24:5-31:19
MERGED from [androidx.window:window:1.0.0-beta04] AndroidManifest.xml:24:5-31:19
MERGED from [androidx.core:core:1.10.1] AndroidManifest.xml:28:5-89
MERGED from [androidx.core:core:1.10.1] AndroidManifest.xml:28:5-89
MERGED from [androidx.versionedparcelable:versionedparcelable:1.1.1] AndroidManifest.xml:24:5-25:19
MERGED from [androidx.versionedparcelable:versionedparcelable:1.1.1] AndroidManifest.xml:24:5-25:19
	android:appComponentFactory
		ADDED from [androidx.core:core:1.10.1] AndroidManifest.xml:28:18-86
	android:label
		ADDED from src\main\AndroidManifest.xml:6:9-35
	android:icon
		ADDED from src\main\AndroidManifest.xml:8:9-43
	android:name
		INJECTED from src\main\AndroidManifest.xml
		ADDED from src\main\AndroidManifest.xml:7:9-42
manifest
ADDED from src\main\AndroidManifest.xml:1:1-53:12
INJECTED from src\main\AndroidManifest.xml:1:1-53:12
INJECTED from src\main\AndroidManifest.xml:1:1-53:12
INJECTED from src\main\AndroidManifest.xml:1:1-53:12
MERGED from [:android_intent] AndroidManifest.xml:2:1-9:12
MERGED from [:auto_start_flutter] AndroidManifest.xml:2:1-9:12
MERGED from [:charset_converter] AndroidManifest.xml:2:1-9:12
MERGED from [:device_info_plus] AndroidManifest.xml:2:1-9:12
MERGED from [:flutter_device_identifier] AndroidManifest.xml:2:1-11:12
MERGED from [:flutter_image_compress_common] AndroidManifest.xml:2:1-11:12
MERGED from [:flutter_usb_printer] AndroidManifest.xml:2:1-11:12
MERGED from [:network_info_plus] AndroidManifest.xml:2:1-12:12
MERGED from [:path_provider_android] AndroidManifest.xml:2:1-9:12
MERGED from [:shared_preferences_android] AndroidManifest.xml:2:1-9:12
MERGED from [:sqflite] AndroidManifest.xml:2:1-9:12
MERGED from [:url_launcher_android] AndroidManifest.xml:2:1-16:12
MERGED from [:usb_serial] AndroidManifest.xml:2:1-9:12
MERGED from [:video_player_android] AndroidManifest.xml:2:1-9:12
MERGED from [com.github.judemanutd:autostarter:1.0.8] AndroidManifest.xml:2:1-11:12
MERGED from [androidx.window:window-java:1.0.0-beta04] AndroidManifest.xml:17:1-23:12
MERGED from [androidx.window:window:1.0.0-beta04] AndroidManifest.xml:17:1-33:12
MERGED from [androidx.multidex:multidex:2.0.0] AndroidManifest.xml:17:1-22:12
MERGED from [androidx.exifinterface:exifinterface:1.3.3] AndroidManifest.xml:17:1-24:12
MERGED from [androidx.heifwriter:heifwriter:1.0.0] AndroidManifest.xml:17:1-22:12
MERGED from [androidx.browser:browser:1.5.0] AndroidManifest.xml:17:1-22:12
MERGED from [com.google.android.exoplayer:exoplayer-hls:2.18.7] AndroidManifest.xml:17:1-24:12
MERGED from [com.google.android.exoplayer:exoplayer-dash:2.18.7] AndroidManifest.xml:17:1-24:12
MERGED from [com.google.android.exoplayer:exoplayer-smoothstreaming:2.18.7] AndroidManifest.xml:17:1-24:12
MERGED from [com.google.android.exoplayer:exoplayer-core:2.18.7] AndroidManifest.xml:17:1-26:12
MERGED from [androidx.fragment:fragment:1.1.0] AndroidManifest.xml:17:1-24:12
MERGED from [androidx.viewpager:viewpager:1.0.0] AndroidManifest.xml:17:1-22:12
MERGED from [androidx.loader:loader:1.0.0] AndroidManifest.xml:17:1-22:12
MERGED from [androidx.activity:activity:1.0.0] AndroidManifest.xml:17:1-24:12
MERGED from [androidx.customview:customview:1.0.0] AndroidManifest.xml:17:1-22:12
MERGED from [androidx.core:core:1.10.1] AndroidManifest.xml:17:1-30:12
MERGED from [androidx.tracing:tracing:1.0.0] AndroidManifest.xml:17:1-24:12
MERGED from [androidx.lifecycle:lifecycle-runtime:2.3.1] AndroidManifest.xml:17:1-24:12
MERGED from [androidx.interpolator:interpolator:1.0.0] AndroidManifest.xml:17:1-22:12
MERGED from [androidx.versionedparcelable:versionedparcelable:1.1.1] AndroidManifest.xml:17:1-27:12
MERGED from [com.google.android.exoplayer:exoplayer-datasource:2.18.7] AndroidManifest.xml:17:1-24:12
MERGED from [com.google.android.exoplayer:exoplayer-extractor:2.18.7] AndroidManifest.xml:17:1-24:12
MERGED from [com.google.android.exoplayer:exoplayer-decoder:2.18.7] AndroidManifest.xml:17:1-24:12
MERGED from [com.google.android.exoplayer:exoplayer-database:2.18.7] AndroidManifest.xml:17:1-24:12
MERGED from [com.google.android.exoplayer:exoplayer-common:2.18.7] AndroidManifest.xml:17:1-26:12
MERGED from [androidx.savedstate:savedstate:1.0.0] AndroidManifest.xml:17:1-24:12
MERGED from [androidx.lifecycle:lifecycle-livedata:2.0.0] AndroidManifest.xml:17:1-22:12
MERGED from [androidx.lifecycle:lifecycle-livedata-core:2.0.0] AndroidManifest.xml:17:1-22:12
MERGED from [androidx.arch.core:core-runtime:2.1.0] AndroidManifest.xml:17:1-24:12
MERGED from [androidx.lifecycle:lifecycle-viewmodel:2.1.0] AndroidManifest.xml:17:1-22:12
MERGED from [androidx.annotation:annotation-experimental:1.3.0] AndroidManifest.xml:17:1-22:12
MERGED from [com.github.felHR85:UsbSerial:6.1.0] AndroidManifest.xml:2:1-9:12
INJECTED from src\main\AndroidManifest.xml:1:1-53:12
INJECTED from src\main\AndroidManifest.xml:1:1-53:12
INJECTED from src\main\AndroidManifest.xml:1:1-53:12
	package
		ADDED from src\main\AndroidManifest.xml:2:5-35
		INJECTED from src\main\AndroidManifest.xml
		INJECTED from src\main\AndroidManifest.xml
	android:versionName
		INJECTED from src\main\AndroidManifest.xml
		ADDED from src\main\AndroidManifest.xml:1:1-53:12
		INJECTED from src\main\AndroidManifest.xml
	android:versionCode
		INJECTED from src\main\AndroidManifest.xml
		ADDED from src\main\AndroidManifest.xml:1:1-53:12
		INJECTED from src\main\AndroidManifest.xml
	xmlns:android
		ADDED from src\main\AndroidManifest.xml:1:11-69
uses-permission#android.permission.INTERNET
ADDED from src\main\AndroidManifest.xml:3:4-66
	android:name
		ADDED from src\main\AndroidManifest.xml:3:21-63
uses-permission#android.permission.RECEIVE_BOOT_COMPLETED
ADDED from src\main\AndroidManifest.xml:4:4-80
	android:name
		ADDED from src\main\AndroidManifest.xml:4:21-77
uses-sdk
INJECTED from src\main\AndroidManifest.xml reason: use-sdk injection requested
INJECTED from src\main\AndroidManifest.xml
INJECTED from src\main\AndroidManifest.xml
MERGED from [:android_intent] AndroidManifest.xml:5:5-7:41
MERGED from [:android_intent] AndroidManifest.xml:5:5-7:41
MERGED from [:auto_start_flutter] AndroidManifest.xml:5:5-7:41
MERGED from [:auto_start_flutter] AndroidManifest.xml:5:5-7:41
MERGED from [:charset_converter] AndroidManifest.xml:5:5-7:41
MERGED from [:charset_converter] AndroidManifest.xml:5:5-7:41
MERGED from [:device_info_plus] AndroidManifest.xml:5:5-7:41
MERGED from [:device_info_plus] AndroidManifest.xml:5:5-7:41
MERGED from [:flutter_device_identifier] AndroidManifest.xml:5:5-7:41
MERGED from [:flutter_device_identifier] AndroidManifest.xml:5:5-7:41
MERGED from [:flutter_image_compress_common] AndroidManifest.xml:6:5-9:55
MERGED from [:flutter_image_compress_common] AndroidManifest.xml:6:5-9:55
MERGED from [:flutter_usb_printer] AndroidManifest.xml:5:5-7:41
MERGED from [:flutter_usb_printer] AndroidManifest.xml:5:5-7:41
MERGED from [:network_info_plus] AndroidManifest.xml:5:5-7:41
MERGED from [:network_info_plus] AndroidManifest.xml:5:5-7:41
MERGED from [:path_provider_android] AndroidManifest.xml:5:5-7:41
MERGED from [:path_provider_android] AndroidManifest.xml:5:5-7:41
MERGED from [:shared_preferences_android] AndroidManifest.xml:5:5-7:41
MERGED from [:shared_preferences_android] AndroidManifest.xml:5:5-7:41
MERGED from [:sqflite] AndroidManifest.xml:5:5-7:41
MERGED from [:sqflite] AndroidManifest.xml:5:5-7:41
MERGED from [:url_launcher_android] AndroidManifest.xml:5:5-7:41
MERGED from [:url_launcher_android] AndroidManifest.xml:5:5-7:41
MERGED from [:usb_serial] AndroidManifest.xml:5:5-7:41
MERGED from [:usb_serial] AndroidManifest.xml:5:5-7:41
MERGED from [:video_player_android] AndroidManifest.xml:5:5-7:41
MERGED from [:video_player_android] AndroidManifest.xml:5:5-7:41
MERGED from [com.github.judemanutd:autostarter:1.0.8] AndroidManifest.xml:7:5-9:41
MERGED from [com.github.judemanutd:autostarter:1.0.8] AndroidManifest.xml:7:5-9:41
MERGED from [androidx.window:window-java:1.0.0-beta04] AndroidManifest.xml:19:5-21:41
MERGED from [androidx.window:window-java:1.0.0-beta04] AndroidManifest.xml:19:5-21:41
MERGED from [androidx.window:window:1.0.0-beta04] AndroidManifest.xml:20:5-22:41
MERGED from [androidx.window:window:1.0.0-beta04] AndroidManifest.xml:20:5-22:41
MERGED from [androidx.multidex:multidex:2.0.0] AndroidManifest.xml:20:5-43
MERGED from [androidx.multidex:multidex:2.0.0] AndroidManifest.xml:20:5-43
MERGED from [androidx.exifinterface:exifinterface:1.3.3] AndroidManifest.xml:20:5-22:41
MERGED from [androidx.exifinterface:exifinterface:1.3.3] AndroidManifest.xml:20:5-22:41
MERGED from [androidx.heifwriter:heifwriter:1.0.0] AndroidManifest.xml:20:5-44
MERGED from [androidx.heifwriter:heifwriter:1.0.0] AndroidManifest.xml:20:5-44
MERGED from [androidx.browser:browser:1.5.0] AndroidManifest.xml:20:5-44
MERGED from [androidx.browser:browser:1.5.0] AndroidManifest.xml:20:5-44
MERGED from [com.google.android.exoplayer:exoplayer-hls:2.18.7] AndroidManifest.xml:20:5-22:41
MERGED from [com.google.android.exoplayer:exoplayer-hls:2.18.7] AndroidManifest.xml:20:5-22:41
MERGED from [com.google.android.exoplayer:exoplayer-dash:2.18.7] AndroidManifest.xml:20:5-22:41
MERGED from [com.google.android.exoplayer:exoplayer-dash:2.18.7] AndroidManifest.xml:20:5-22:41
MERGED from [com.google.android.exoplayer:exoplayer-smoothstreaming:2.18.7] AndroidManifest.xml:20:5-22:41
MERGED from [com.google.android.exoplayer:exoplayer-smoothstreaming:2.18.7] AndroidManifest.xml:20:5-22:41
MERGED from [com.google.android.exoplayer:exoplayer-core:2.18.7] AndroidManifest.xml:20:5-22:41
MERGED from [com.google.android.exoplayer:exoplayer-core:2.18.7] AndroidManifest.xml:20:5-22:41
MERGED from [androidx.fragment:fragment:1.1.0] AndroidManifest.xml:20:5-22:41
MERGED from [androidx.fragment:fragment:1.1.0] AndroidManifest.xml:20:5-22:41
MERGED from [androidx.viewpager:viewpager:1.0.0] AndroidManifest.xml:20:5-44
MERGED from [androidx.viewpager:viewpager:1.0.0] AndroidManifest.xml:20:5-44
MERGED from [androidx.loader:loader:1.0.0] AndroidManifest.xml:20:5-44
MERGED from [androidx.loader:loader:1.0.0] AndroidManifest.xml:20:5-44
MERGED from [androidx.activity:activity:1.0.0] AndroidManifest.xml:20:5-22:41
MERGED from [androidx.activity:activity:1.0.0] AndroidManifest.xml:20:5-22:41
MERGED from [androidx.customview:customview:1.0.0] AndroidManifest.xml:20:5-44
MERGED from [androidx.customview:customview:1.0.0] AndroidManifest.xml:20:5-44
MERGED from [androidx.core:core:1.10.1] AndroidManifest.xml:20:5-44
MERGED from [androidx.core:core:1.10.1] AndroidManifest.xml:20:5-44
MERGED from [androidx.tracing:tracing:1.0.0] AndroidManifest.xml:20:5-22:41
MERGED from [androidx.tracing:tracing:1.0.0] AndroidManifest.xml:20:5-22:41
MERGED from [androidx.lifecycle:lifecycle-runtime:2.3.1] AndroidManifest.xml:20:5-22:41
MERGED from [androidx.lifecycle:lifecycle-runtime:2.3.1] AndroidManifest.xml:20:5-22:41
MERGED from [androidx.interpolator:interpolator:1.0.0] AndroidManifest.xml:20:5-44
MERGED from [androidx.interpolator:interpolator:1.0.0] AndroidManifest.xml:20:5-44
MERGED from [androidx.versionedparcelable:versionedparcelable:1.1.1] AndroidManifest.xml:20:5-22:41
MERGED from [androidx.versionedparcelable:versionedparcelable:1.1.1] AndroidManifest.xml:20:5-22:41
MERGED from [com.google.android.exoplayer:exoplayer-datasource:2.18.7] AndroidManifest.xml:20:5-22:41
MERGED from [com.google.android.exoplayer:exoplayer-datasource:2.18.7] AndroidManifest.xml:20:5-22:41
MERGED from [com.google.android.exoplayer:exoplayer-extractor:2.18.7] AndroidManifest.xml:20:5-22:41
MERGED from [com.google.android.exoplayer:exoplayer-extractor:2.18.7] AndroidManifest.xml:20:5-22:41
MERGED from [com.google.android.exoplayer:exoplayer-decoder:2.18.7] AndroidManifest.xml:20:5-22:41
MERGED from [com.google.android.exoplayer:exoplayer-decoder:2.18.7] AndroidManifest.xml:20:5-22:41
MERGED from [com.google.android.exoplayer:exoplayer-database:2.18.7] AndroidManifest.xml:20:5-22:41
MERGED from [com.google.android.exoplayer:exoplayer-database:2.18.7] AndroidManifest.xml:20:5-22:41
MERGED from [com.google.android.exoplayer:exoplayer-common:2.18.7] AndroidManifest.xml:20:5-22:41
MERGED from [com.google.android.exoplayer:exoplayer-common:2.18.7] AndroidManifest.xml:20:5-22:41
MERGED from [androidx.savedstate:savedstate:1.0.0] AndroidManifest.xml:20:5-22:41
MERGED from [androidx.savedstate:savedstate:1.0.0] AndroidManifest.xml:20:5-22:41
MERGED from [androidx.lifecycle:lifecycle-livedata:2.0.0] AndroidManifest.xml:20:5-44
MERGED from [androidx.lifecycle:lifecycle-livedata:2.0.0] AndroidManifest.xml:20:5-44
MERGED from [androidx.lifecycle:lifecycle-livedata-core:2.0.0] AndroidManifest.xml:20:5-44
MERGED from [androidx.lifecycle:lifecycle-livedata-core:2.0.0] AndroidManifest.xml:20:5-44
MERGED from [androidx.arch.core:core-runtime:2.1.0] AndroidManifest.xml:20:5-22:41
MERGED from [androidx.arch.core:core-runtime:2.1.0] AndroidManifest.xml:20:5-22:41
MERGED from [androidx.lifecycle:lifecycle-viewmodel:2.1.0] AndroidManifest.xml:20:5-44
MERGED from [androidx.lifecycle:lifecycle-viewmodel:2.1.0] AndroidManifest.xml:20:5-44
MERGED from [androidx.annotation:annotation-experimental:1.3.0] AndroidManifest.xml:20:5-44
MERGED from [androidx.annotation:annotation-experimental:1.3.0] AndroidManifest.xml:20:5-44
MERGED from [com.github.felHR85:UsbSerial:6.1.0] AndroidManifest.xml:5:5-7:41
MERGED from [com.github.felHR85:UsbSerial:6.1.0] AndroidManifest.xml:5:5-7:41
INJECTED from src\main\AndroidManifest.xml
INJECTED from src\main\AndroidManifest.xml
	tools:overrideLibrary
		ADDED from [:flutter_image_compress_common] AndroidManifest.xml:9:9-52
	android:targetSdkVersion
		INJECTED from src\main\AndroidManifest.xml
		ADDED from src\main\AndroidManifest.xml
		INJECTED from src\main\AndroidManifest.xml
	android:minSdkVersion
		INJECTED from src\main\AndroidManifest.xml
		ADDED from src\main\AndroidManifest.xml
		INJECTED from src\main\AndroidManifest.xml
meta-data#com.google.android.gms.ads.APPLICATION_ID
ADDED from src\main\AndroidManifest.xml:9:9-11:69
	android:value
		ADDED from src\main\AndroidManifest.xml:11:13-67
	android:name
		ADDED from src\main\AndroidManifest.xml:10:13-69
activity#com.hitop.ordermatic.MainActivity
ADDED from src\main\AndroidManifest.xml:12:9-32:20
	android:launchMode
		ADDED from src\main\AndroidManifest.xml:15:13-43
	android:hardwareAccelerated
		ADDED from src\main\AndroidManifest.xml:18:13-47
	android:windowSoftInputMode
		ADDED from src\main\AndroidManifest.xml:19:13-55
	android:exported
		ADDED from src\main\AndroidManifest.xml:14:13-36
	android:configChanges
		ADDED from src\main\AndroidManifest.xml:17:13-163
	android:theme
		ADDED from src\main\AndroidManifest.xml:16:13-47
	android:name
		ADDED from src\main\AndroidManifest.xml:13:13-41
meta-data#io.flutter.embedding.android.NormalTheme
ADDED from src\main\AndroidManifest.xml:24:13-27:17
	android:resource
		ADDED from src\main\AndroidManifest.xml:26:15-52
	android:name
		ADDED from src\main\AndroidManifest.xml:25:15-70
intent-filter#action:name:android.intent.action.MAIN+category:name:android.intent.category.LAUNCHER
ADDED from src\main\AndroidManifest.xml:28:13-31:29
action#android.intent.action.MAIN
ADDED from src\main\AndroidManifest.xml:29:17-68
	android:name
		ADDED from src\main\AndroidManifest.xml:29:25-66
category#android.intent.category.LAUNCHER
ADDED from src\main\AndroidManifest.xml:30:17-76
	android:name
		ADDED from src\main\AndroidManifest.xml:30:27-74
receiver#com.hitop.ordermatic.BootBroadcastReceiver
ADDED from src\main\AndroidManifest.xml:34:9-43:20
	android:enabled
		ADDED from src\main\AndroidManifest.xml:36:13-35
	android:exported
		ADDED from src\main\AndroidManifest.xml:37:13-37
	android:permission
		ADDED from src\main\AndroidManifest.xml:38:13-75
	android:name
		ADDED from src\main\AndroidManifest.xml:35:13-50
intent-filter#action:name:android.intent.action.BOOT_COMPLETED+action:name:android.intent.action.QUICKBOOT_POWERON
ADDED from src\main\AndroidManifest.xml:39:13-42:29
action#android.intent.action.BOOT_COMPLETED
ADDED from src\main\AndroidManifest.xml:40:17-79
	android:name
		ADDED from src\main\AndroidManifest.xml:40:25-76
action#android.intent.action.QUICKBOOT_POWERON
ADDED from src\main\AndroidManifest.xml:41:17-82
	android:name
		ADDED from src\main\AndroidManifest.xml:41:25-79
meta-data#flutterEmbedding
ADDED from src\main\AndroidManifest.xml:48:9-50:33
	android:value
		ADDED from src\main\AndroidManifest.xml:50:13-30
	android:name
		ADDED from src\main\AndroidManifest.xml:49:13-44
uses-permission#android.permission.READ_PRIVILEGED_PHONE_STATE
ADDED from [:flutter_device_identifier] AndroidManifest.xml:9:5-86
	android:name
		ADDED from [:flutter_device_identifier] AndroidManifest.xml:9:22-83
uses-feature#android.hardware.usb.host
ADDED from [:flutter_usb_printer] AndroidManifest.xml:9:5-62
	android:name
		ADDED from [:flutter_usb_printer] AndroidManifest.xml:9:19-59
uses-permission#android.permission.ACCESS_NETWORK_STATE
ADDED from [:network_info_plus] AndroidManifest.xml:9:5-79
MERGED from [com.google.android.exoplayer:exoplayer-core:2.18.7] AndroidManifest.xml:24:5-79
MERGED from [com.google.android.exoplayer:exoplayer-core:2.18.7] AndroidManifest.xml:24:5-79
MERGED from [com.google.android.exoplayer:exoplayer-common:2.18.7] AndroidManifest.xml:24:5-79
MERGED from [com.google.android.exoplayer:exoplayer-common:2.18.7] AndroidManifest.xml:24:5-79
	android:name
		ADDED from [:network_info_plus] AndroidManifest.xml:9:22-76
uses-permission#android.permission.ACCESS_WIFI_STATE
ADDED from [:network_info_plus] AndroidManifest.xml:10:5-76
	android:name
		ADDED from [:network_info_plus] AndroidManifest.xml:10:22-73
activity#io.flutter.plugins.urllauncher.WebViewActivity
ADDED from [:url_launcher_android] AndroidManifest.xml:10:9-13:74
	android:exported
		ADDED from [:url_launcher_android] AndroidManifest.xml:12:13-37
	android:theme
		ADDED from [:url_launcher_android] AndroidManifest.xml:13:13-71
	android:name
		ADDED from [:url_launcher_android] AndroidManifest.xml:11:13-74
uses-library#androidx.window.extensions
ADDED from [androidx.window:window:1.0.0-beta04] AndroidManifest.xml:25:9-27:40
	android:required
		ADDED from [androidx.window:window:1.0.0-beta04] AndroidManifest.xml:27:13-37
	android:name
		ADDED from [androidx.window:window:1.0.0-beta04] AndroidManifest.xml:26:13-54
uses-library#androidx.window.sidecar
ADDED from [androidx.window:window:1.0.0-beta04] AndroidManifest.xml:28:9-30:40
	android:required
		ADDED from [androidx.window:window:1.0.0-beta04] AndroidManifest.xml:30:13-37
	android:name
		ADDED from [androidx.window:window:1.0.0-beta04] AndroidManifest.xml:29:13-51
permission#${applicationId}.DYNAMIC_RECEIVER_NOT_EXPORTED_PERMISSION
ADDED from [androidx.core:core:1.10.1] AndroidManifest.xml:22:5-24:47
	android:protectionLevel
		ADDED from [androidx.core:core:1.10.1] AndroidManifest.xml:24:9-44
	android:name
		ADDED from [androidx.core:core:1.10.1] AndroidManifest.xml:23:9-81
permission#com.hitop.ordermatic.DYNAMIC_RECEIVER_NOT_EXPORTED_PERMISSION
ADDED from [androidx.core:core:1.10.1] AndroidManifest.xml:22:5-24:47
	android:protectionLevel
		ADDED from [androidx.core:core:1.10.1] AndroidManifest.xml:24:9-44
	android:name
		ADDED from [androidx.core:core:1.10.1] AndroidManifest.xml:23:9-81
uses-permission#${applicationId}.DYNAMIC_RECEIVER_NOT_EXPORTED_PERMISSION
ADDED from [androidx.core:core:1.10.1] AndroidManifest.xml:26:5-97
	android:name
		ADDED from [androidx.core:core:1.10.1] AndroidManifest.xml:26:22-94
uses-permission#com.hitop.ordermatic.DYNAMIC_RECEIVER_NOT_EXPORTED_PERMISSION
ADDED from [androidx.core:core:1.10.1] AndroidManifest.xml:26:5-97
	android:name
		ADDED from [androidx.core:core:1.10.1] AndroidManifest.xml:26:22-94